Flow report for TLC59116-Driver
Sun Nov 15 12:28:47 2020
Quartus Prime Version 18.1.0 Build 625 09/12/2018 SJ Lite Edition


---------------------
; Table of Contents ;
---------------------
  1. Legal Notice
  2. Flow Summary
  3. Flow Settings
  4. Flow Non-Default Global Settings
  5. Flow Elapsed Time
  6. Flow OS Summary
  7. Flow Log
  8. Flow Messages
  9. Flow Suppressed Messages



----------------
; Legal Notice ;
----------------
Copyright (C) 2018  Intel Corporation. All rights reserved.
Your use of Intel Corporation's design tools, logic functions 
and other software and tools, and its AMPP partner logic 
functions, and any output files from any of the foregoing 
(including device programming or simulation files), and any 
associated documentation or information are expressly subject 
to the terms and conditions of the Intel Program License 
Subscription Agreement, the Intel Quartus Prime License Agreement,
the Intel FPGA IP License Agreement, or other applicable license
agreement, including, without limitation, that your use is for
the sole purpose of programming logic devices manufactured by
Intel and sold by Intel or its authorized distributors.  Please
refer to the applicable agreement for further details.



+----------------------------------------------------------------------------------+
; Flow Summary                                                                     ;
+------------------------------------+---------------------------------------------+
; Flow Status                        ; Successful - Sun Nov 15 12:28:38 2020       ;
; Quartus Prime Version              ; 18.1.0 Build 625 09/12/2018 SJ Lite Edition ;
; Revision Name                      ; TLC59116-Driver                             ;
; Top-level Entity Name              ; I2C_SAMPLE                                  ;
; Family                             ; MAX 10                                      ;
; Device                             ; 10M08SAE144C8G                              ;
; Timing Models                      ; Final                                       ;
; Total logic elements               ; 1,026 / 8,064 ( 13 % )                      ;
;     Total combinational functions  ; 793 / 8,064 ( 10 % )                        ;
;     Dedicated logic registers      ; 677 / 8,064 ( 8 % )                         ;
; Total registers                    ; 677                                         ;
; Total pins                         ; 8 / 101 ( 8 % )                             ;
; Total virtual pins                 ; 0                                           ;
; Total memory bits                  ; 24,576 / 387,072 ( 6 % )                    ;
; Embedded Multiplier 9-bit elements ; 0 / 48 ( 0 % )                              ;
; Total PLLs                         ; 0 / 1 ( 0 % )                               ;
; UFM blocks                         ; 0 / 1 ( 0 % )                               ;
; ADC blocks                         ; 0 / 1 ( 0 % )                               ;
+------------------------------------+---------------------------------------------+


+-----------------------------------------+
; Flow Settings                           ;
+-------------------+---------------------+
; Option            ; Setting             ;
+-------------------+---------------------+
; Start date & time ; 11/15/2020 12:27:12 ;
; Main task         ; Compilation         ;
; Revision Name     ; TLC59116-Driver     ;
+-------------------+---------------------+


+----------------------------------------------------------------------------------------------------------------------------------------------------------+
; Flow Non-Default Global Settings                                                                                                                         ;
+-------------------------------------+-----------------------------------------------------------------+-----------------+-------------+------------------+
; Assignment Name                     ; Value                                                           ; Default Value   ; Entity Name ; Section Id       ;
+-------------------------------------+-----------------------------------------------------------------+-----------------+-------------+------------------+
; COMPILER_SIGNATURE_ID               ; 52234668823.160541083101212                                     ; --              ; --          ; --               ;
; ENABLE_SIGNALTAP                    ; On                                                              ; --              ; --          ; --               ;
; FLOW_ENABLE_POWER_ANALYZER          ; On                                                              ; Off             ; --          ; --               ;
; MAX_CORE_JUNCTION_TEMP              ; 85                                                              ; --              ; --          ; --               ;
; MIN_CORE_JUNCTION_TEMP              ; 0                                                               ; --              ; --          ; --               ;
; PARTITION_COLOR                     ; -- (Not supported for targeted family)                          ; --              ; I2C_SAMPLE  ; Top              ;
; PARTITION_FITTER_PRESERVATION_LEVEL ; -- (Not supported for targeted family)                          ; --              ; I2C_SAMPLE  ; Top              ;
; PARTITION_NETLIST_TYPE              ; -- (Not supported for targeted family)                          ; --              ; I2C_SAMPLE  ; Top              ;
; POWER_BOARD_THERMAL_MODEL           ; None (CONSERVATIVE)                                             ; --              ; --          ; --               ;
; POWER_DEFAULT_INPUT_IO_TOGGLE_RATE  ; 12.5 %                                                          ; 12.5%           ; --          ; --               ;
; POWER_PRESET_COOLING_SOLUTION       ; 23 MM HEAT SINK WITH 200 LFPM AIRFLOW                           ; --              ; --          ; --               ;
; PROJECT_OUTPUT_DIRECTORY            ; output_files                                                    ; --              ; --          ; --               ;
; SLD_FILE                            ; db/stp1_auto_stripped.stp                                       ; --              ; --          ; --               ;
; SLD_NODE_CREATOR_ID                 ; 110                                                             ; --              ; --          ; auto_signaltap_0 ;
; SLD_NODE_ENTITY_NAME                ; sld_signaltap                                                   ; --              ; --          ; auto_signaltap_0 ;
; SLD_NODE_PARAMETER_ASSIGNMENT       ; SLD_RAM_BLOCK_TYPE=AUTO                                         ; --              ; --          ; auto_signaltap_0 ;
; SLD_NODE_PARAMETER_ASSIGNMENT       ; SLD_NODE_INFO=805334528                                         ; --              ; --          ; auto_signaltap_0 ;
; SLD_NODE_PARAMETER_ASSIGNMENT       ; SLD_POWER_UP_TRIGGER=0                                          ; --              ; --          ; auto_signaltap_0 ;
; SLD_NODE_PARAMETER_ASSIGNMENT       ; SLD_STORAGE_QUALIFIER_INVERSION_MASK_LENGTH=0                   ; --              ; --          ; auto_signaltap_0 ;
; SLD_NODE_PARAMETER_ASSIGNMENT       ; SLD_ATTRIBUTE_MEM_MODE=OFF                                      ; --              ; --          ; auto_signaltap_0 ;
; SLD_NODE_PARAMETER_ASSIGNMENT       ; SLD_STATE_FLOW_USE_GENERATED=0                                  ; --              ; --          ; auto_signaltap_0 ;
; SLD_NODE_PARAMETER_ASSIGNMENT       ; SLD_STATE_BITS=11                                               ; --              ; --          ; auto_signaltap_0 ;
; SLD_NODE_PARAMETER_ASSIGNMENT       ; SLD_BUFFER_FULL_STOP=1                                          ; --              ; --          ; auto_signaltap_0 ;
; SLD_NODE_PARAMETER_ASSIGNMENT       ; SLD_CURRENT_RESOURCE_WIDTH=1                                    ; --              ; --          ; auto_signaltap_0 ;
; SLD_NODE_PARAMETER_ASSIGNMENT       ; SLD_INCREMENTAL_ROUTING=1                                       ; --              ; --          ; auto_signaltap_0 ;
; SLD_NODE_PARAMETER_ASSIGNMENT       ; SLD_TRIGGER_LEVEL=1                                             ; --              ; --          ; auto_signaltap_0 ;
; SLD_NODE_PARAMETER_ASSIGNMENT       ; SLD_TRIGGER_IN_ENABLED=0                                        ; --              ; --          ; auto_signaltap_0 ;
; SLD_NODE_PARAMETER_ASSIGNMENT       ; SLD_TRIGGER_PIPELINE=0                                          ; --              ; --          ; auto_signaltap_0 ;
; SLD_NODE_PARAMETER_ASSIGNMENT       ; SLD_RAM_PIPELINE=0                                              ; --              ; --          ; auto_signaltap_0 ;
; SLD_NODE_PARAMETER_ASSIGNMENT       ; SLD_COUNTER_PIPELINE=0                                          ; --              ; --          ; auto_signaltap_0 ;
; SLD_NODE_PARAMETER_ASSIGNMENT       ; SLD_ADVANCED_TRIGGER_ENTITY=basic,1,                            ; --              ; --          ; auto_signaltap_0 ;
; SLD_NODE_PARAMETER_ASSIGNMENT       ; SLD_TRIGGER_LEVEL_PIPELINE=1                                    ; --              ; --          ; auto_signaltap_0 ;
; SLD_NODE_PARAMETER_ASSIGNMENT       ; SLD_ENABLE_ADVANCED_TRIGGER=0                                   ; --              ; --          ; auto_signaltap_0 ;
; SLD_NODE_PARAMETER_ASSIGNMENT       ; SLD_DATA_BITS=6                                                 ; --              ; --          ; auto_signaltap_0 ;
; SLD_NODE_PARAMETER_ASSIGNMENT       ; SLD_TRIGGER_BITS=6                                              ; --              ; --          ; auto_signaltap_0 ;
; SLD_NODE_PARAMETER_ASSIGNMENT       ; SLD_STORAGE_QUALIFIER_BITS=6                                    ; --              ; --          ; auto_signaltap_0 ;
; SLD_NODE_PARAMETER_ASSIGNMENT       ; SLD_INVERSION_MASK=00000000000000000000000000000000000000000000 ; --              ; --          ; auto_signaltap_0 ;
; SLD_NODE_PARAMETER_ASSIGNMENT       ; SLD_INVERSION_MASK_LENGTH=44                                    ; --              ; --          ; auto_signaltap_0 ;
; SLD_NODE_PARAMETER_ASSIGNMENT       ; SLD_SEGMENT_SIZE=4096                                           ; --              ; --          ; auto_signaltap_0 ;
; SLD_NODE_PARAMETER_ASSIGNMENT       ; SLD_SAMPLE_DEPTH=4096                                           ; --              ; --          ; auto_signaltap_0 ;
; TOP_LEVEL_ENTITY                    ; I2C_SAMPLE                                                      ; TLC59116-Driver ; --          ; --               ;
; USE_SIGNALTAP_FILE                  ; stp1.stp                                                        ; --              ; --          ; --               ;
+-------------------------------------+-----------------------------------------------------------------+-----------------+-------------+------------------+


+--------------------------------------------------------------------------------------------------------------------------+
; Flow Elapsed Time                                                                                                        ;
+----------------------+--------------+-------------------------+---------------------+------------------------------------+
; Module Name          ; Elapsed Time ; Average Processors Used ; Peak Virtual Memory ; Total CPU Time (on all processors) ;
+----------------------+--------------+-------------------------+---------------------+------------------------------------+
; Analysis & Synthesis ; 00:00:56     ; 1.0                     ; 4852 MB             ; 00:01:36                           ;
; Fitter               ; 00:00:13     ; 1.2                     ; 5568 MB             ; 00:00:17                           ;
; Assembler            ; 00:00:04     ; 1.0                     ; 4683 MB             ; 00:00:04                           ;
; Power Analyzer       ; 00:00:05     ; 1.3                     ; 4832 MB             ; 00:00:06                           ;
; Timing Analyzer      ; 00:00:07     ; 1.4                     ; 4798 MB             ; 00:00:07                           ;
; Total                ; 00:01:25     ; --                      ; --                  ; 00:02:10                           ;
+----------------------+--------------+-------------------------+---------------------+------------------------------------+


+------------------------------------------------------------------------------------+
; Flow OS Summary                                                                    ;
+----------------------+------------------+------------+------------+----------------+
; Module Name          ; Machine Hostname ; OS Name    ; OS Version ; Processor type ;
+----------------------+------------------+------------+------------+----------------+
; Analysis & Synthesis ; DESKTOP-5BG06IE  ; Windows 10 ; 10.0       ; x86_64         ;
; Fitter               ; DESKTOP-5BG06IE  ; Windows 10 ; 10.0       ; x86_64         ;
; Assembler            ; DESKTOP-5BG06IE  ; Windows 10 ; 10.0       ; x86_64         ;
; Power Analyzer       ; DESKTOP-5BG06IE  ; Windows 10 ; 10.0       ; x86_64         ;
; Timing Analyzer      ; DESKTOP-5BG06IE  ; Windows 10 ; 10.0       ; x86_64         ;
+----------------------+------------------+------------+------------+----------------+


------------
; Flow Log ;
------------
quartus_map --read_settings_files=on --write_settings_files=off TLC59116-Driver -c TLC59116-Driver
quartus_fit --read_settings_files=off --write_settings_files=off TLC59116-Driver -c TLC59116-Driver
quartus_asm --read_settings_files=off --write_settings_files=off TLC59116-Driver -c TLC59116-Driver
quartus_pow --read_settings_files=off --write_settings_files=off TLC59116-Driver -c TLC59116-Driver
quartus_sta TLC59116-Driver -c TLC59116-Driver



