Analysis & Synthesis report for TLC59116-Driver
Sun Nov 08 17:23:20 2020
Quartus Prime Version 18.1.0 Build 625 09/12/2018 SJ Lite Edition


---------------------
; Table of Contents ;
---------------------
  1. Legal Notice
  2. Analysis & Synthesis Summary
  3. Analysis & Synthesis Settings
  4. Parallel Compilation
  5. Analysis & Synthesis Source Files Read
  6. Analysis & Synthesis Resource Usage Summary
  7. Analysis & Synthesis Resource Utilization by Entity
  8. State Machine - |I2C_SAMPLE|I2C_TLC59116:tlc59116|I2Cstate
  9. Registers Removed During Synthesis
 10. Removed Registers Triggering Further Register Optimizations
 11. General Register Statistics
 12. Inverted Register Statistics
 13. Multiplexer Restructuring Statistics (Restructuring Performed)
 14. Parameter Settings for User Entity Instance: Top-level Entity: |I2C_SAMPLE
 15. Parameter Settings for User Entity Instance: SFTCLK:i2cclk
 16. Parameter Settings for User Entity Instance: I2C_TLC59116:tlc59116
 17. Port Connectivity Checks: "SFTCLK:i2cclk"
 18. Post-Synthesis Netlist Statistics for Top Partition
 19. Elapsed Time Per Partition
 20. Analysis & Synthesis Messages



----------------
; Legal Notice ;
----------------
Copyright (C) 2018  Intel Corporation. All rights reserved.
Your use of Intel Corporation's design tools, logic functions 
and other software and tools, and its AMPP partner logic 
functions, and any output files from any of the foregoing 
(including device programming or simulation files), and any 
associated documentation or information are expressly subject 
to the terms and conditions of the Intel Program License 
Subscription Agreement, the Intel Quartus Prime License Agreement,
the Intel FPGA IP License Agreement, or other applicable license
agreement, including, without limitation, that your use is for
the sole purpose of programming logic devices manufactured by
Intel and sold by Intel or its authorized distributors.  Please
refer to the applicable agreement for further details.



+----------------------------------------------------------------------------------+
; Analysis & Synthesis Summary                                                     ;
+------------------------------------+---------------------------------------------+
; Analysis & Synthesis Status        ; Successful - Sun Nov 08 17:23:20 2020       ;
; Quartus Prime Version              ; 18.1.0 Build 625 09/12/2018 SJ Lite Edition ;
; Revision Name                      ; TLC59116-Driver                             ;
; Top-level Entity Name              ; I2C_SAMPLE                                  ;
; Family                             ; MAX 10                                      ;
; Total logic elements               ; 213                                         ;
;     Total combinational functions  ; 180                                         ;
;     Dedicated logic registers      ; 89                                          ;
; Total registers                    ; 89                                          ;
; Total pins                         ; 8                                           ;
; Total virtual pins                 ; 0                                           ;
; Total memory bits                  ; 0                                           ;
; Embedded Multiplier 9-bit elements ; 0                                           ;
; Total PLLs                         ; 0                                           ;
; UFM blocks                         ; 0                                           ;
; ADC blocks                         ; 0                                           ;
+------------------------------------+---------------------------------------------+


+------------------------------------------------------------------------------------------------------------+
; Analysis & Synthesis Settings                                                                              ;
+------------------------------------------------------------------+--------------------+--------------------+
; Option                                                           ; Setting            ; Default Value      ;
+------------------------------------------------------------------+--------------------+--------------------+
; Device                                                           ; 10M08SAE144C8G     ;                    ;
; Top-level entity name                                            ; I2C_SAMPLE         ; TLC59116-Driver    ;
; Family name                                                      ; MAX 10             ; Cyclone V          ;
; Use smart compilation                                            ; Off                ; Off                ;
; Enable parallel Assembler and Timing Analyzer during compilation ; On                 ; On                 ;
; Enable compact report table                                      ; Off                ; Off                ;
; Restructure Multiplexers                                         ; Auto               ; Auto               ;
; Create Debugging Nodes for IP Cores                              ; Off                ; Off                ;
; Preserve fewer node names                                        ; On                 ; On                 ;
; Intel FPGA IP Evaluation Mode                                    ; Enable             ; Enable             ;
; Verilog Version                                                  ; Verilog_2001       ; Verilog_2001       ;
; VHDL Version                                                     ; VHDL_1993          ; VHDL_1993          ;
; State Machine Processing                                         ; Auto               ; Auto               ;
; Safe State Machine                                               ; Off                ; Off                ;
; Extract Verilog State Machines                                   ; On                 ; On                 ;
; Extract VHDL State Machines                                      ; On                 ; On                 ;
; Ignore Verilog initial constructs                                ; Off                ; Off                ;
; Iteration limit for constant Verilog loops                       ; 5000               ; 5000               ;
; Iteration limit for non-constant Verilog loops                   ; 250                ; 250                ;
; Add Pass-Through Logic to Inferred RAMs                          ; On                 ; On                 ;
; Infer RAMs from Raw Logic                                        ; On                 ; On                 ;
; Parallel Synthesis                                               ; On                 ; On                 ;
; DSP Block Balancing                                              ; Auto               ; Auto               ;
; NOT Gate Push-Back                                               ; On                 ; On                 ;
; Power-Up Don't Care                                              ; On                 ; On                 ;
; Remove Redundant Logic Cells                                     ; Off                ; Off                ;
; Remove Duplicate Registers                                       ; On                 ; On                 ;
; Ignore CARRY Buffers                                             ; Off                ; Off                ;
; Ignore CASCADE Buffers                                           ; Off                ; Off                ;
; Ignore GLOBAL Buffers                                            ; Off                ; Off                ;
; Ignore ROW GLOBAL Buffers                                        ; Off                ; Off                ;
; Ignore LCELL Buffers                                             ; Off                ; Off                ;
; Ignore SOFT Buffers                                              ; On                 ; On                 ;
; Limit AHDL Integers to 32 Bits                                   ; Off                ; Off                ;
; Optimization Technique                                           ; Balanced           ; Balanced           ;
; Carry Chain Length                                               ; 70                 ; 70                 ;
; Auto Carry Chains                                                ; On                 ; On                 ;
; Auto Open-Drain Pins                                             ; On                 ; On                 ;
; Perform WYSIWYG Primitive Resynthesis                            ; Off                ; Off                ;
; Auto ROM Replacement                                             ; On                 ; On                 ;
; Auto RAM Replacement                                             ; On                 ; On                 ;
; Auto DSP Block Replacement                                       ; On                 ; On                 ;
; Auto Shift Register Replacement                                  ; Auto               ; Auto               ;
; Allow Shift Register Merging across Hierarchies                  ; Auto               ; Auto               ;
; Auto Clock Enable Replacement                                    ; On                 ; On                 ;
; Strict RAM Replacement                                           ; Off                ; Off                ;
; Allow Synchronous Control Signals                                ; On                 ; On                 ;
; Force Use of Synchronous Clear Signals                           ; Off                ; Off                ;
; Auto RAM Block Balancing                                         ; On                 ; On                 ;
; Auto RAM to Logic Cell Conversion                                ; Off                ; Off                ;
; Auto Resource Sharing                                            ; Off                ; Off                ;
; Allow Any RAM Size For Recognition                               ; Off                ; Off                ;
; Allow Any ROM Size For Recognition                               ; Off                ; Off                ;
; Allow Any Shift Register Size For Recognition                    ; Off                ; Off                ;
; Use LogicLock Constraints during Resource Balancing              ; On                 ; On                 ;
; Ignore translate_off and synthesis_off directives                ; Off                ; Off                ;
; Timing-Driven Synthesis                                          ; On                 ; On                 ;
; Report Parameter Settings                                        ; On                 ; On                 ;
; Report Source Assignments                                        ; On                 ; On                 ;
; Report Connectivity Checks                                       ; On                 ; On                 ;
; Ignore Maximum Fan-Out Assignments                               ; Off                ; Off                ;
; Synchronization Register Chain Length                            ; 2                  ; 2                  ;
; Power Optimization During Synthesis                              ; Normal compilation ; Normal compilation ;
; HDL message level                                                ; Level2             ; Level2             ;
; Suppress Register Optimization Related Messages                  ; Off                ; Off                ;
; Number of Removed Registers Reported in Synthesis Report         ; 5000               ; 5000               ;
; Number of Swept Nodes Reported in Synthesis Report               ; 5000               ; 5000               ;
; Number of Inverted Registers Reported in Synthesis Report        ; 100                ; 100                ;
; Clock MUX Protection                                             ; On                 ; On                 ;
; Auto Gated Clock Conversion                                      ; Off                ; Off                ;
; Block Design Naming                                              ; Auto               ; Auto               ;
; SDC constraint protection                                        ; Off                ; Off                ;
; Synthesis Effort                                                 ; Auto               ; Auto               ;
; Shift Register Replacement - Allow Asynchronous Clear Signal     ; On                 ; On                 ;
; Pre-Mapping Resynthesis Optimization                             ; Off                ; Off                ;
; Analysis & Synthesis Message Level                               ; Medium             ; Medium             ;
; Disable Register Merging Across Hierarchies                      ; Auto               ; Auto               ;
; Resource Aware Inference For Block RAM                           ; On                 ; On                 ;
+------------------------------------------------------------------+--------------------+--------------------+


+------------------------------------------+
; Parallel Compilation                     ;
+----------------------------+-------------+
; Processors                 ; Number      ;
+----------------------------+-------------+
; Number detected on machine ; 4           ;
; Maximum allowed            ; 4           ;
;                            ;             ;
; Average used               ; 1.00        ;
; Maximum used               ; 4           ;
;                            ;             ;
; Usage by Processor         ; % Time Used ;
;     Processor 1            ; 100.0%      ;
;     Processors 2-4         ;   0.0%      ;
+----------------------------+-------------+


+---------------------------------------------------------------------------------------------------------------------------------------------------+
; Analysis & Synthesis Source Files Read                                                                                                            ;
+----------------------------------+-----------------+-----------------+------------------------------------------------------------------+---------+
; File Name with User-Entered Path ; Used in Netlist ; File Type       ; File Name with Absolute Path                                     ; Library ;
+----------------------------------+-----------------+-----------------+------------------------------------------------------------------+---------+
; ../hdl/I2C_TLC59116_pkg.vhd      ; yes             ; User VHDL File  ; C:/Users/kuni/work/FPGA-TLC59116-Driver/hdl/I2C_TLC59116_pkg.vhd ;         ;
; ../hdl/sftclk.vhd                ; yes             ; User VHDL File  ; C:/Users/kuni/work/FPGA-TLC59116-Driver/hdl/sftclk.vhd           ;         ;
; ../hdl/sample.vhd                ; yes             ; User VHDL File  ; C:/Users/kuni/work/FPGA-TLC59116-Driver/hdl/sample.vhd           ;         ;
; ../hdl/I2CIF.vhd                 ; yes             ; User VHDL File  ; C:/Users/kuni/work/FPGA-TLC59116-Driver/hdl/I2CIF.vhd            ;         ;
; ../hdl/I2C_TLC59116.vhd          ; yes             ; User VHDL File  ; C:/Users/kuni/work/FPGA-TLC59116-Driver/hdl/I2C_TLC59116.vhd     ;         ;
; ../hdl/I2C_pkg.vhd               ; yes             ; User VHDL File  ; C:/Users/kuni/work/FPGA-TLC59116-Driver/hdl/I2C_pkg.vhd          ;         ;
+----------------------------------+-----------------+-----------------+------------------------------------------------------------------+---------+


+----------------------------------------------------------+
; Analysis & Synthesis Resource Usage Summary              ;
+---------------------------------------------+------------+
; Resource                                    ; Usage      ;
+---------------------------------------------+------------+
; Estimated Total logic elements              ; 213        ;
;                                             ;            ;
; Total combinational functions               ; 180        ;
; Logic element usage by number of LUT inputs ;            ;
;     -- 4 input functions                    ; 123        ;
;     -- 3 input functions                    ; 27         ;
;     -- <=2 input functions                  ; 30         ;
;                                             ;            ;
; Logic elements by mode                      ;            ;
;     -- normal mode                          ; 175        ;
;     -- arithmetic mode                      ; 5          ;
;                                             ;            ;
; Total registers                             ; 89         ;
;     -- Dedicated logic registers            ; 89         ;
;     -- I/O registers                        ; 0          ;
;                                             ;            ;
; I/O pins                                    ; 8          ;
;                                             ;            ;
; Embedded Multiplier 9-bit elements          ; 0          ;
;                                             ;            ;
; Maximum fan-out node                        ; pClk~input ;
; Maximum fan-out                             ; 89         ;
; Total fan-out                               ; 949        ;
; Average fan-out                             ; 3.31       ;
+---------------------------------------------+------------+


+---------------------------------------------------------------------------------------------------------------------------------------------------------------------------------------------------------------------------------------------------+
; Analysis & Synthesis Resource Utilization by Entity                                                                                                                                                                                               ;
+----------------------------+---------------------+---------------------------+-------------+------------+--------------+---------+-----------+------+--------------+------------+-----------------------------------+--------------+--------------+
; Compilation Hierarchy Node ; Combinational ALUTs ; Dedicated Logic Registers ; Memory Bits ; UFM Blocks ; DSP Elements ; DSP 9x9 ; DSP 18x18 ; Pins ; Virtual Pins ; ADC blocks ; Full Hierarchy Name               ; Entity Name  ; Library Name ;
+----------------------------+---------------------+---------------------------+-------------+------------+--------------+---------+-----------+------+--------------+------------+-----------------------------------+--------------+--------------+
; |I2C_SAMPLE                ; 180 (6)             ; 89 (6)                    ; 0           ; 0          ; 0            ; 0       ; 0         ; 8    ; 0            ; 0          ; |I2C_SAMPLE                       ; I2C_SAMPLE   ; work         ;
;    |I2CIF:I2C|             ; 101 (101)           ; 30 (30)                   ; 0           ; 0          ; 0            ; 0       ; 0         ; 0    ; 0            ; 0          ; |I2C_SAMPLE|I2CIF:I2C             ; I2CIF        ; work         ;
;    |I2C_TLC59116:tlc59116| ; 59 (59)             ; 46 (46)                   ; 0           ; 0          ; 0            ; 0       ; 0         ; 0    ; 0            ; 0          ; |I2C_SAMPLE|I2C_TLC59116:tlc59116 ; I2C_TLC59116 ; work         ;
;    |SFTCLK:i2cclk|         ; 14 (14)             ; 7 (7)                     ; 0           ; 0          ; 0            ; 0       ; 0         ; 0    ; 0            ; 0          ; |I2C_SAMPLE|SFTCLK:i2cclk         ; SFTCLK       ; work         ;
+----------------------------+---------------------+---------------------------+-------------+------------+--------------+---------+-----------+------+--------------+------------+-----------------------------------+--------------+--------------+
Note: For table entries with two numbers listed, the numbers in parentheses indicate the number of resources of the given type used by the specific entity alone. The numbers listed outside of parentheses indicate the total resources of the given type used by the specific entity and all of its sub-entities in the hierarchy.


Encoding Type:  One-Hot
+-----------------------------------------------------------------------------------------------------------------------------------------------------------------------------------------------------------------------------------------------------------------------------------------------------------------------------------------------------------------------------------------------------------------------------------------------------------------------------------------------------------------------------------------------------------------------------------------------------------------------------------------------------------------------------------------------------------------------------------------------------------------------------------------------------------------+
; State Machine - |I2C_SAMPLE|I2C_TLC59116:tlc59116|I2Cstate                                                                                                                                                                                                                                                                                                                                                                                                                                                                                                                                                                                                                                                                                                                                                      ;
+----------------------------+------------------------+----------------------------+----------------------------+----------------------------+----------------------------+----------------------------+------------------------+------------------+---------------------+-------------------------+------------------------+-----------------------+-----------------------+-----------------------+-----------------------+-----------------------+-----------------------+----------------------+----------------------+----------------------+----------------------+----------------------+----------------------+----------------------+----------------------+----------------------+----------------------+-----------------------+-----------------------+-------------------------+---------------------+
; Name                       ; I2Cstate.IS_UPDATE_FIN ; I2Cstate.IS_UPDATE_LEDOUT3 ; I2Cstate.IS_UPDATE_LEDOUT2 ; I2Cstate.IS_UPDATE_LEDOUT1 ; I2Cstate.IS_UPDATE_LEDOUT0 ; I2Cstate.IS_UPDATE_REGADDR ; I2Cstate.IS_UPDATE_BGN ; I2Cstate.IS_IDLE ; I2Cstate.IS_INI_FIN ; I2Cstate.IS_INI_GRPFREQ ; I2Cstate.IS_INI_GRPPWM ; I2Cstate.IS_INI_PWM15 ; I2Cstate.IS_INI_PWM14 ; I2Cstate.IS_INI_PWM13 ; I2Cstate.IS_INI_PWM12 ; I2Cstate.IS_INI_PWM11 ; I2Cstate.IS_INI_PWM10 ; I2Cstate.IS_INI_PWM9 ; I2Cstate.IS_INI_PWM8 ; I2Cstate.IS_INI_PWM7 ; I2Cstate.IS_INI_PWM6 ; I2Cstate.IS_INI_PWM5 ; I2Cstate.IS_INI_PWM4 ; I2Cstate.IS_INI_PWM3 ; I2Cstate.IS_INI_PWM2 ; I2Cstate.IS_INI_PWM1 ; I2Cstate.IS_INI_PWM0 ; I2Cstate.IS_INI_MODE2 ; I2Cstate.IS_INI_MODE1 ; I2Cstate.IS_INI_REGADDR ; I2Cstate.IS_INI_BGN ;
+----------------------------+------------------------+----------------------------+----------------------------+----------------------------+----------------------------+----------------------------+------------------------+------------------+---------------------+-------------------------+------------------------+-----------------------+-----------------------+-----------------------+-----------------------+-----------------------+-----------------------+----------------------+----------------------+----------------------+----------------------+----------------------+----------------------+----------------------+----------------------+----------------------+----------------------+-----------------------+-----------------------+-------------------------+---------------------+
; I2Cstate.IS_INI_BGN        ; 0                      ; 0                          ; 0                          ; 0                          ; 0                          ; 0                          ; 0                      ; 0                ; 0                   ; 0                       ; 0                      ; 0                     ; 0                     ; 0                     ; 0                     ; 0                     ; 0                     ; 0                    ; 0                    ; 0                    ; 0                    ; 0                    ; 0                    ; 0                    ; 0                    ; 0                    ; 0                    ; 0                     ; 0                     ; 0                       ; 0                   ;
; I2Cstate.IS_INI_REGADDR    ; 0                      ; 0                          ; 0                          ; 0                          ; 0                          ; 0                          ; 0                      ; 0                ; 0                   ; 0                       ; 0                      ; 0                     ; 0                     ; 0                     ; 0                     ; 0                     ; 0                     ; 0                    ; 0                    ; 0                    ; 0                    ; 0                    ; 0                    ; 0                    ; 0                    ; 0                    ; 0                    ; 0                     ; 0                     ; 1                       ; 1                   ;
; I2Cstate.IS_INI_MODE1      ; 0                      ; 0                          ; 0                          ; 0                          ; 0                          ; 0                          ; 0                      ; 0                ; 0                   ; 0                       ; 0                      ; 0                     ; 0                     ; 0                     ; 0                     ; 0                     ; 0                     ; 0                    ; 0                    ; 0                    ; 0                    ; 0                    ; 0                    ; 0                    ; 0                    ; 0                    ; 0                    ; 0                     ; 1                     ; 0                       ; 1                   ;
; I2Cstate.IS_INI_MODE2      ; 0                      ; 0                          ; 0                          ; 0                          ; 0                          ; 0                          ; 0                      ; 0                ; 0                   ; 0                       ; 0                      ; 0                     ; 0                     ; 0                     ; 0                     ; 0                     ; 0                     ; 0                    ; 0                    ; 0                    ; 0                    ; 0                    ; 0                    ; 0                    ; 0                    ; 0                    ; 0                    ; 1                     ; 0                     ; 0                       ; 1                   ;
; I2Cstate.IS_INI_PWM0       ; 0                      ; 0                          ; 0                          ; 0                          ; 0                          ; 0                          ; 0                      ; 0                ; 0                   ; 0                       ; 0                      ; 0                     ; 0                     ; 0                     ; 0                     ; 0                     ; 0                     ; 0                    ; 0                    ; 0                    ; 0                    ; 0                    ; 0                    ; 0                    ; 0                    ; 0                    ; 1                    ; 0                     ; 0                     ; 0                       ; 1                   ;
; I2Cstate.IS_INI_PWM1       ; 0                      ; 0                          ; 0                          ; 0                          ; 0                          ; 0                          ; 0                      ; 0                ; 0                   ; 0                       ; 0                      ; 0                     ; 0                     ; 0                     ; 0                     ; 0                     ; 0                     ; 0                    ; 0                    ; 0                    ; 0                    ; 0                    ; 0                    ; 0                    ; 0                    ; 1                    ; 0                    ; 0                     ; 0                     ; 0                       ; 1                   ;
; I2Cstate.IS_INI_PWM2       ; 0                      ; 0                          ; 0                          ; 0                          ; 0                          ; 0                          ; 0                      ; 0                ; 0                   ; 0                       ; 0                      ; 0                     ; 0                     ; 0                     ; 0                     ; 0                     ; 0                     ; 0                    ; 0                    ; 0                    ; 0                    ; 0                    ; 0                    ; 0                    ; 1                    ; 0                    ; 0                    ; 0                     ; 0                     ; 0                       ; 1                   ;
; I2Cstate.IS_INI_PWM3       ; 0                      ; 0                          ; 0                          ; 0                          ; 0                          ; 0                          ; 0                      ; 0                ; 0                   ; 0                       ; 0                      ; 0                     ; 0                     ; 0                     ; 0                     ; 0                     ; 0                     ; 0                    ; 0                    ; 0                    ; 0                    ; 0                    ; 0                    ; 1                    ; 0                    ; 0                    ; 0                    ; 0                     ; 0                     ; 0                       ; 1                   ;
; I2Cstate.IS_INI_PWM4       ; 0                      ; 0                          ; 0                          ; 0                          ; 0                          ; 0                          ; 0                      ; 0                ; 0                   ; 0                       ; 0                      ; 0                     ; 0                     ; 0                     ; 0                     ; 0                     ; 0                     ; 0                    ; 0                    ; 0                    ; 0                    ; 0                    ; 1                    ; 0                    ; 0                    ; 0                    ; 0                    ; 0                     ; 0                     ; 0                       ; 1                   ;
; I2Cstate.IS_INI_PWM5       ; 0                      ; 0                          ; 0                          ; 0                          ; 0                          ; 0                          ; 0                      ; 0                ; 0                   ; 0                       ; 0                      ; 0                     ; 0                     ; 0                     ; 0                     ; 0                     ; 0                     ; 0                    ; 0                    ; 0                    ; 0                    ; 1                    ; 0                    ; 0                    ; 0                    ; 0                    ; 0                    ; 0                     ; 0                     ; 0                       ; 1                   ;
; I2Cstate.IS_INI_PWM6       ; 0                      ; 0                          ; 0                          ; 0                          ; 0                          ; 0                          ; 0                      ; 0                ; 0                   ; 0                       ; 0                      ; 0                     ; 0                     ; 0                     ; 0                     ; 0                     ; 0                     ; 0                    ; 0                    ; 0                    ; 1                    ; 0                    ; 0                    ; 0                    ; 0                    ; 0                    ; 0                    ; 0                     ; 0                     ; 0                       ; 1                   ;
; I2Cstate.IS_INI_PWM7       ; 0                      ; 0                          ; 0                          ; 0                          ; 0                          ; 0                          ; 0                      ; 0                ; 0                   ; 0                       ; 0                      ; 0                     ; 0                     ; 0                     ; 0                     ; 0                     ; 0                     ; 0                    ; 0                    ; 1                    ; 0                    ; 0                    ; 0                    ; 0                    ; 0                    ; 0                    ; 0                    ; 0                     ; 0                     ; 0                       ; 1                   ;
; I2Cstate.IS_INI_PWM8       ; 0                      ; 0                          ; 0                          ; 0                          ; 0                          ; 0                          ; 0                      ; 0                ; 0                   ; 0                       ; 0                      ; 0                     ; 0                     ; 0                     ; 0                     ; 0                     ; 0                     ; 0                    ; 1                    ; 0                    ; 0                    ; 0                    ; 0                    ; 0                    ; 0                    ; 0                    ; 0                    ; 0                     ; 0                     ; 0                       ; 1                   ;
; I2Cstate.IS_INI_PWM9       ; 0                      ; 0                          ; 0                          ; 0                          ; 0                          ; 0                          ; 0                      ; 0                ; 0                   ; 0                       ; 0                      ; 0                     ; 0                     ; 0                     ; 0                     ; 0                     ; 0                     ; 1                    ; 0                    ; 0                    ; 0                    ; 0                    ; 0                    ; 0                    ; 0                    ; 0                    ; 0                    ; 0                     ; 0                     ; 0                       ; 1                   ;
; I2Cstate.IS_INI_PWM10      ; 0                      ; 0                          ; 0                          ; 0                          ; 0                          ; 0                          ; 0                      ; 0                ; 0                   ; 0                       ; 0                      ; 0                     ; 0                     ; 0                     ; 0                     ; 0                     ; 1                     ; 0                    ; 0                    ; 0                    ; 0                    ; 0                    ; 0                    ; 0                    ; 0                    ; 0                    ; 0                    ; 0                     ; 0                     ; 0                       ; 1                   ;
; I2Cstate.IS_INI_PWM11      ; 0                      ; 0                          ; 0                          ; 0                          ; 0                          ; 0                          ; 0                      ; 0                ; 0                   ; 0                       ; 0                      ; 0                     ; 0                     ; 0                     ; 0                     ; 1                     ; 0                     ; 0                    ; 0                    ; 0                    ; 0                    ; 0                    ; 0                    ; 0                    ; 0                    ; 0                    ; 0                    ; 0                     ; 0                     ; 0                       ; 1                   ;
; I2Cstate.IS_INI_PWM12      ; 0                      ; 0                          ; 0                          ; 0                          ; 0                          ; 0                          ; 0                      ; 0                ; 0                   ; 0                       ; 0                      ; 0                     ; 0                     ; 0                     ; 1                     ; 0                     ; 0                     ; 0                    ; 0                    ; 0                    ; 0                    ; 0                    ; 0                    ; 0                    ; 0                    ; 0                    ; 0                    ; 0                     ; 0                     ; 0                       ; 1                   ;
; I2Cstate.IS_INI_PWM13      ; 0                      ; 0                          ; 0                          ; 0                          ; 0                          ; 0                          ; 0                      ; 0                ; 0                   ; 0                       ; 0                      ; 0                     ; 0                     ; 1                     ; 0                     ; 0                     ; 0                     ; 0                    ; 0                    ; 0                    ; 0                    ; 0                    ; 0                    ; 0                    ; 0                    ; 0                    ; 0                    ; 0                     ; 0                     ; 0                       ; 1                   ;
; I2Cstate.IS_INI_PWM14      ; 0                      ; 0                          ; 0                          ; 0                          ; 0                          ; 0                          ; 0                      ; 0                ; 0                   ; 0                       ; 0                      ; 0                     ; 1                     ; 0                     ; 0                     ; 0                     ; 0                     ; 0                    ; 0                    ; 0                    ; 0                    ; 0                    ; 0                    ; 0                    ; 0                    ; 0                    ; 0                    ; 0                     ; 0                     ; 0                       ; 1                   ;
; I2Cstate.IS_INI_PWM15      ; 0                      ; 0                          ; 0                          ; 0                          ; 0                          ; 0                          ; 0                      ; 0                ; 0                   ; 0                       ; 0                      ; 1                     ; 0                     ; 0                     ; 0                     ; 0                     ; 0                     ; 0                    ; 0                    ; 0                    ; 0                    ; 0                    ; 0                    ; 0                    ; 0                    ; 0                    ; 0                    ; 0                     ; 0                     ; 0                       ; 1                   ;
; I2Cstate.IS_INI_GRPPWM     ; 0                      ; 0                          ; 0                          ; 0                          ; 0                          ; 0                          ; 0                      ; 0                ; 0                   ; 0                       ; 1                      ; 0                     ; 0                     ; 0                     ; 0                     ; 0                     ; 0                     ; 0                    ; 0                    ; 0                    ; 0                    ; 0                    ; 0                    ; 0                    ; 0                    ; 0                    ; 0                    ; 0                     ; 0                     ; 0                       ; 1                   ;
; I2Cstate.IS_INI_GRPFREQ    ; 0                      ; 0                          ; 0                          ; 0                          ; 0                          ; 0                          ; 0                      ; 0                ; 0                   ; 1                       ; 0                      ; 0                     ; 0                     ; 0                     ; 0                     ; 0                     ; 0                     ; 0                    ; 0                    ; 0                    ; 0                    ; 0                    ; 0                    ; 0                    ; 0                    ; 0                    ; 0                    ; 0                     ; 0                     ; 0                       ; 1                   ;
; I2Cstate.IS_INI_FIN        ; 0                      ; 0                          ; 0                          ; 0                          ; 0                          ; 0                          ; 0                      ; 0                ; 1                   ; 0                       ; 0                      ; 0                     ; 0                     ; 0                     ; 0                     ; 0                     ; 0                     ; 0                    ; 0                    ; 0                    ; 0                    ; 0                    ; 0                    ; 0                    ; 0                    ; 0                    ; 0                    ; 0                     ; 0                     ; 0                       ; 1                   ;
; I2Cstate.IS_IDLE           ; 0                      ; 0                          ; 0                          ; 0                          ; 0                          ; 0                          ; 0                      ; 1                ; 0                   ; 0                       ; 0                      ; 0                     ; 0                     ; 0                     ; 0                     ; 0                     ; 0                     ; 0                    ; 0                    ; 0                    ; 0                    ; 0                    ; 0                    ; 0                    ; 0                    ; 0                    ; 0                    ; 0                     ; 0                     ; 0                       ; 1                   ;
; I2Cstate.IS_UPDATE_BGN     ; 0                      ; 0                          ; 0                          ; 0                          ; 0                          ; 0                          ; 1                      ; 0                ; 0                   ; 0                       ; 0                      ; 0                     ; 0                     ; 0                     ; 0                     ; 0                     ; 0                     ; 0                    ; 0                    ; 0                    ; 0                    ; 0                    ; 0                    ; 0                    ; 0                    ; 0                    ; 0                    ; 0                     ; 0                     ; 0                       ; 1                   ;
; I2Cstate.IS_UPDATE_REGADDR ; 0                      ; 0                          ; 0                          ; 0                          ; 0                          ; 1                          ; 0                      ; 0                ; 0                   ; 0                       ; 0                      ; 0                     ; 0                     ; 0                     ; 0                     ; 0                     ; 0                     ; 0                    ; 0                    ; 0                    ; 0                    ; 0                    ; 0                    ; 0                    ; 0                    ; 0                    ; 0                    ; 0                     ; 0                     ; 0                       ; 1                   ;
; I2Cstate.IS_UPDATE_LEDOUT0 ; 0                      ; 0                          ; 0                          ; 0                          ; 1                          ; 0                          ; 0                      ; 0                ; 0                   ; 0                       ; 0                      ; 0                     ; 0                     ; 0                     ; 0                     ; 0                     ; 0                     ; 0                    ; 0                    ; 0                    ; 0                    ; 0                    ; 0                    ; 0                    ; 0                    ; 0                    ; 0                    ; 0                     ; 0                     ; 0                       ; 1                   ;
; I2Cstate.IS_UPDATE_LEDOUT1 ; 0                      ; 0                          ; 0                          ; 1                          ; 0                          ; 0                          ; 0                      ; 0                ; 0                   ; 0                       ; 0                      ; 0                     ; 0                     ; 0                     ; 0                     ; 0                     ; 0                     ; 0                    ; 0                    ; 0                    ; 0                    ; 0                    ; 0                    ; 0                    ; 0                    ; 0                    ; 0                    ; 0                     ; 0                     ; 0                       ; 1                   ;
; I2Cstate.IS_UPDATE_LEDOUT2 ; 0                      ; 0                          ; 1                          ; 0                          ; 0                          ; 0                          ; 0                      ; 0                ; 0                   ; 0                       ; 0                      ; 0                     ; 0                     ; 0                     ; 0                     ; 0                     ; 0                     ; 0                    ; 0                    ; 0                    ; 0                    ; 0                    ; 0                    ; 0                    ; 0                    ; 0                    ; 0                    ; 0                     ; 0                     ; 0                       ; 1                   ;
; I2Cstate.IS_UPDATE_LEDOUT3 ; 0                      ; 1                          ; 0                          ; 0                          ; 0                          ; 0                          ; 0                      ; 0                ; 0                   ; 0                       ; 0                      ; 0                     ; 0                     ; 0                     ; 0                     ; 0                     ; 0                     ; 0                    ; 0                    ; 0                    ; 0                    ; 0                    ; 0                    ; 0                    ; 0                    ; 0                    ; 0                    ; 0                     ; 0                     ; 0                       ; 1                   ;
; I2Cstate.IS_UPDATE_FIN     ; 1                      ; 0                          ; 0                          ; 0                          ; 0                          ; 0                          ; 0                      ; 0                ; 0                   ; 0                       ; 0                      ; 0                     ; 0                     ; 0                     ; 0                     ; 0                     ; 0                     ; 0                    ; 0                    ; 0                    ; 0                    ; 0                    ; 0                    ; 0                    ; 0                    ; 0                    ; 0                    ; 0                     ; 0                     ; 0                       ; 1                   ;
+----------------------------+------------------------+----------------------------+----------------------------+----------------------------+----------------------------+----------------------------+------------------------+------------------+---------------------+-------------------------+------------------------+-----------------------+-----------------------+-----------------------+-----------------------+-----------------------+-----------------------+----------------------+----------------------+----------------------+----------------------+----------------------+----------------------+----------------------+----------------------+----------------------+----------------------+-----------------------+-----------------------+-------------------------+---------------------+


+-------------------------------------------------------------------------------------+
; Registers Removed During Synthesis                                                  ;
+-----------------------------------------+-------------------------------------------+
; Register name                           ; Reason for Removal                        ;
+-----------------------------------------+-------------------------------------------+
; ledmodes[0][0]                          ; Stuck at GND due to stuck port data_in    ;
; ledmodes[1][0]                          ; Stuck at GND due to stuck port data_in    ;
; ledmodes[2][0]                          ; Stuck at GND due to stuck port data_in    ;
; ledmodes[3][0]                          ; Stuck at GND due to stuck port data_in    ;
; ledmodes[4][1]                          ; Stuck at GND due to stuck port data_in    ;
; ledmodes[4][0]                          ; Stuck at GND due to stuck port data_in    ;
; ledmodes[5][1]                          ; Stuck at GND due to stuck port data_in    ;
; ledmodes[5][0]                          ; Stuck at GND due to stuck port data_in    ;
; ledmodes[6][1]                          ; Stuck at GND due to stuck port data_in    ;
; ledmodes[6][0]                          ; Stuck at GND due to stuck port data_in    ;
; ledmodes[7][1]                          ; Stuck at GND due to stuck port data_in    ;
; ledmodes[7][0]                          ; Stuck at GND due to stuck port data_in    ;
; ledmodes[8][1]                          ; Stuck at GND due to stuck port data_in    ;
; ledmodes[8][0]                          ; Stuck at GND due to stuck port data_in    ;
; ledmodes[9][1]                          ; Stuck at GND due to stuck port data_in    ;
; ledmodes[9][0]                          ; Stuck at GND due to stuck port data_in    ;
; ledmodes[10][1]                         ; Stuck at GND due to stuck port data_in    ;
; ledmodes[10][0]                         ; Stuck at GND due to stuck port data_in    ;
; ledmodes[11][1]                         ; Stuck at GND due to stuck port data_in    ;
; ledmodes[11][0]                         ; Stuck at GND due to stuck port data_in    ;
; ledmodes[12][1]                         ; Stuck at GND due to stuck port data_in    ;
; ledmodes[12][0]                         ; Stuck at GND due to stuck port data_in    ;
; ledmodes[13][1]                         ; Stuck at GND due to stuck port data_in    ;
; ledmodes[13][0]                         ; Stuck at GND due to stuck port data_in    ;
; ledmodes[14][1]                         ; Stuck at GND due to stuck port data_in    ;
; ledmodes[14][0]                         ; Stuck at GND due to stuck port data_in    ;
; ledmodes[15][1]                         ; Stuck at GND due to stuck port data_in    ;
; ledmodes[15][0]                         ; Stuck at GND due to stuck port data_in    ;
; I2C_TLC59116:tlc59116|RDn               ; Stuck at VCC due to stuck port data_in    ;
; I2C_TLC59116:tlc59116|F_FINISH          ; Stuck at GND due to stuck port data_in    ;
; I2C_TLC59116:tlc59116|INIT              ; Stuck at GND due to stuck port data_in    ;
; I2C_TLC59116:tlc59116|D_LEDMODES[15][0] ; Stuck at GND due to stuck port data_in    ;
; I2C_TLC59116:tlc59116|D_LEDMODES[0][0]  ; Stuck at GND due to stuck port data_in    ;
; I2C_TLC59116:tlc59116|D_LEDMODES[1][0]  ; Stuck at GND due to stuck port data_in    ;
; I2C_TLC59116:tlc59116|D_LEDMODES[2][0]  ; Stuck at GND due to stuck port data_in    ;
; I2C_TLC59116:tlc59116|D_LEDMODES[3][0]  ; Stuck at GND due to stuck port data_in    ;
; I2C_TLC59116:tlc59116|D_LEDMODES[4][1]  ; Stuck at GND due to stuck port data_in    ;
; I2C_TLC59116:tlc59116|D_LEDMODES[4][0]  ; Stuck at GND due to stuck port data_in    ;
; I2C_TLC59116:tlc59116|D_LEDMODES[5][1]  ; Stuck at GND due to stuck port data_in    ;
; I2C_TLC59116:tlc59116|D_LEDMODES[5][0]  ; Stuck at GND due to stuck port data_in    ;
; I2C_TLC59116:tlc59116|D_LEDMODES[6][1]  ; Stuck at GND due to stuck port data_in    ;
; I2C_TLC59116:tlc59116|D_LEDMODES[6][0]  ; Stuck at GND due to stuck port data_in    ;
; I2C_TLC59116:tlc59116|D_LEDMODES[7][1]  ; Stuck at GND due to stuck port data_in    ;
; I2C_TLC59116:tlc59116|D_LEDMODES[7][0]  ; Stuck at GND due to stuck port data_in    ;
; I2C_TLC59116:tlc59116|D_LEDMODES[8][1]  ; Stuck at GND due to stuck port data_in    ;
; I2C_TLC59116:tlc59116|D_LEDMODES[8][0]  ; Stuck at GND due to stuck port data_in    ;
; I2C_TLC59116:tlc59116|D_LEDMODES[9][1]  ; Stuck at GND due to stuck port data_in    ;
; I2C_TLC59116:tlc59116|D_LEDMODES[9][0]  ; Stuck at GND due to stuck port data_in    ;
; I2C_TLC59116:tlc59116|D_LEDMODES[10][1] ; Stuck at GND due to stuck port data_in    ;
; I2C_TLC59116:tlc59116|D_LEDMODES[10][0] ; Stuck at GND due to stuck port data_in    ;
; I2C_TLC59116:tlc59116|D_LEDMODES[11][1] ; Stuck at GND due to stuck port data_in    ;
; I2C_TLC59116:tlc59116|D_LEDMODES[11][0] ; Stuck at GND due to stuck port data_in    ;
; I2C_TLC59116:tlc59116|D_LEDMODES[12][1] ; Stuck at GND due to stuck port data_in    ;
; I2C_TLC59116:tlc59116|D_LEDMODES[12][0] ; Stuck at GND due to stuck port data_in    ;
; I2C_TLC59116:tlc59116|D_LEDMODES[13][1] ; Stuck at GND due to stuck port data_in    ;
; I2C_TLC59116:tlc59116|D_LEDMODES[13][0] ; Stuck at GND due to stuck port data_in    ;
; I2C_TLC59116:tlc59116|D_LEDMODES[14][1] ; Stuck at GND due to stuck port data_in    ;
; I2C_TLC59116:tlc59116|D_LEDMODES[14][0] ; Stuck at GND due to stuck port data_in    ;
; I2C_TLC59116:tlc59116|D_LEDMODES[15][1] ; Stuck at GND due to stuck port data_in    ;
; SFTCLK:i2cclk|selcounter[0]             ; Stuck at GND due to stuck port data_in    ;
; I2C_TLC59116:tlc59116|RESTART           ; Merged with I2C_TLC59116:tlc59116|NX_READ ;
; I2C_TLC59116:tlc59116|NX_READ           ; Stuck at GND due to stuck port data_in    ;
; Total Number of Removed Registers = 62  ;                                           ;
+-----------------------------------------+-------------------------------------------+


+--------------------------------------------------------------------------------------------------------------------------------+
; Removed Registers Triggering Further Register Optimizations                                                                    ;
+----------------+---------------------------+-----------------------------------------------------------------------------------+
; Register name  ; Reason for Removal        ; Registers Removed due to This Register                                            ;
+----------------+---------------------------+-----------------------------------------------------------------------------------+
; ledmodes[0][0] ; Stuck at GND              ; I2C_TLC59116:tlc59116|D_LEDMODES[15][0], I2C_TLC59116:tlc59116|D_LEDMODES[0][0],  ;
;                ; due to stuck port data_in ; I2C_TLC59116:tlc59116|D_LEDMODES[1][0], I2C_TLC59116:tlc59116|D_LEDMODES[2][0],   ;
;                ;                           ; I2C_TLC59116:tlc59116|D_LEDMODES[3][0], I2C_TLC59116:tlc59116|D_LEDMODES[4][1],   ;
;                ;                           ; I2C_TLC59116:tlc59116|D_LEDMODES[4][0], I2C_TLC59116:tlc59116|D_LEDMODES[5][1],   ;
;                ;                           ; I2C_TLC59116:tlc59116|D_LEDMODES[5][0], I2C_TLC59116:tlc59116|D_LEDMODES[6][1],   ;
;                ;                           ; I2C_TLC59116:tlc59116|D_LEDMODES[6][0], I2C_TLC59116:tlc59116|D_LEDMODES[7][1],   ;
;                ;                           ; I2C_TLC59116:tlc59116|D_LEDMODES[7][0], I2C_TLC59116:tlc59116|D_LEDMODES[8][1],   ;
;                ;                           ; I2C_TLC59116:tlc59116|D_LEDMODES[8][0], I2C_TLC59116:tlc59116|D_LEDMODES[9][1],   ;
;                ;                           ; I2C_TLC59116:tlc59116|D_LEDMODES[9][0], I2C_TLC59116:tlc59116|D_LEDMODES[10][1],  ;
;                ;                           ; I2C_TLC59116:tlc59116|D_LEDMODES[10][0], I2C_TLC59116:tlc59116|D_LEDMODES[11][1], ;
;                ;                           ; I2C_TLC59116:tlc59116|D_LEDMODES[11][0], I2C_TLC59116:tlc59116|D_LEDMODES[12][1], ;
;                ;                           ; I2C_TLC59116:tlc59116|D_LEDMODES[12][0], I2C_TLC59116:tlc59116|D_LEDMODES[13][1], ;
;                ;                           ; I2C_TLC59116:tlc59116|D_LEDMODES[13][0], I2C_TLC59116:tlc59116|D_LEDMODES[14][1], ;
;                ;                           ; I2C_TLC59116:tlc59116|D_LEDMODES[14][0], I2C_TLC59116:tlc59116|D_LEDMODES[15][1]  ;
+----------------+---------------------------+-----------------------------------------------------------------------------------+


+------------------------------------------------------+
; General Register Statistics                          ;
+----------------------------------------------+-------+
; Statistic                                    ; Value ;
+----------------------------------------------+-------+
; Total registers                              ; 89    ;
; Number of registers using Synchronous Clear  ; 0     ;
; Number of registers using Synchronous Load   ; 2     ;
; Number of registers using Asynchronous Clear ; 77    ;
; Number of registers using Asynchronous Load  ; 0     ;
; Number of registers using Clock Enable       ; 59    ;
; Number of registers using Preset             ; 0     ;
+----------------------------------------------+-------+


+---------------------------------------------------+
; Inverted Register Statistics                      ;
+-----------------------------------------+---------+
; Inverted Register                       ; Fan out ;
+-----------------------------------------+---------+
; SCLIN                                   ; 6       ;
; I2CIF:I2C|INITTING                      ; 18      ;
; I2CIF:I2C|TXBIT                         ; 2       ;
; SDAIN                                   ; 5       ;
; I2CIF:I2C|INITCOUNT[3]                  ; 2       ;
; I2CIF:I2C|INITCOUNT[1]                  ; 4       ;
; I2C_TLC59116:tlc59116|WRn               ; 9       ;
; I2CIF:I2C|LASTSDA                       ; 1       ;
; SFTCLK:i2cclk|counter[5]                ; 2       ;
; SFTCLK:i2cclk|counter[4]                ; 2       ;
; SFTCLK:i2cclk|counter[3]                ; 2       ;
; SFTCLK:i2cclk|counter[1]                ; 3       ;
; SFTCLK:i2cclk|counter[0]                ; 4       ;
; I2CIF:I2C|TXEMPbuf                      ; 8       ;
; Total number of inverted registers = 14 ;         ;
+-----------------------------------------+---------+


+----------------------------------------------------------------------------------------------------------------------------------------------+
; Multiplexer Restructuring Statistics (Restructuring Performed)                                                                               ;
+--------------------+-----------+---------------+----------------------+------------------------+------------+--------------------------------+
; Multiplexer Inputs ; Bus Width ; Baseline Area ; Area if Restructured ; Saving if Restructured ; Registered ; Example Multiplexer Output     ;
+--------------------+-----------+---------------+----------------------+------------------------+------------+--------------------------------+
; 3:1                ; 8 bits    ; 16 LEs        ; 8 LEs                ; 8 LEs                  ; Yes        ; |I2C_SAMPLE|I2CIF:I2C|TXBUF[4] ;
; 4:1                ; 4 bits    ; 8 LEs         ; 4 LEs                ; 4 LEs                  ; Yes        ; |I2C_SAMPLE|I2CIF:I2C|TXCNT[0] ;
; 11:1               ; 2 bits    ; 14 LEs        ; 8 LEs                ; 6 LEs                  ; Yes        ; |I2C_SAMPLE|I2CIF:I2C|CLKST[0] ;
; 18:1               ; 2 bits    ; 24 LEs        ; 12 LEs               ; 12 LEs                 ; Yes        ; |I2C_SAMPLE|I2CIF:I2C|SDAOUT   ;
; 4:1                ; 2 bits    ; 4 LEs         ; 4 LEs                ; 0 LEs                  ; No         ; |I2C_SAMPLE|I2CIF:I2C|STATE    ;
+--------------------+-----------+---------------+----------------------+------------------------+------------+--------------------------------+


+----------------------------------------------------------------------------+
; Parameter Settings for User Entity Instance: Top-level Entity: |I2C_SAMPLE ;
+----------------+-------+---------------------------------------------------+
; Parameter Name ; Value ; Type                                              ;
+----------------+-------+---------------------------------------------------+
; SCFREQ         ; 48000 ; Signed Integer                                    ;
+----------------+-------+---------------------------------------------------+
Note: In order to hide this table in the UI and the text report file, please set the "Show Parameter Settings in Synthesis Report" option in "Analysis and Synthesis Settings -> More Settings" to "Off".


+------------------------------------------------------------+
; Parameter Settings for User Entity Instance: SFTCLK:i2cclk ;
+----------------+-------+-----------------------------------+
; Parameter Name ; Value ; Type                              ;
+----------------+-------+-----------------------------------+
; sys_clk        ; 48000 ; Signed Integer                    ;
; out_clk        ; 800   ; Signed Integer                    ;
; selwidth       ; 1     ; Signed Integer                    ;
+----------------+-------+-----------------------------------+
Note: In order to hide this table in the UI and the text report file, please set the "Show Parameter Settings in Synthesis Report" option in "Analysis and Synthesis Settings -> More Settings" to "Off".


+--------------------------------------------------------------------+
; Parameter Settings for User Entity Instance: I2C_TLC59116:tlc59116 ;
+------------------+----------+--------------------------------------+
; Parameter Name   ; Value    ; Type                                 ;
+------------------+----------+--------------------------------------+
; LED0_BRIGHTNESS  ; 10000000 ; Unsigned Binary                      ;
; LED1_BRIGHTNESS  ; 10000000 ; Unsigned Binary                      ;
; LED2_BRIGHTNESS  ; 10000000 ; Unsigned Binary                      ;
; LED3_BRIGHTNESS  ; 10000000 ; Unsigned Binary                      ;
; LED4_BRIGHTNESS  ; 10000000 ; Unsigned Binary                      ;
; LED5_BRIGHTNESS  ; 10000000 ; Unsigned Binary                      ;
; LED6_BRIGHTNESS  ; 10000000 ; Unsigned Binary                      ;
; LED7_BRIGHTNESS  ; 10000000 ; Unsigned Binary                      ;
; LED8_BRIGHTNESS  ; 10000000 ; Unsigned Binary                      ;
; LED9_BRIGHTNESS  ; 10000000 ; Unsigned Binary                      ;
; LED10_BRIGHTNESS ; 10000000 ; Unsigned Binary                      ;
; LED11_BRIGHTNESS ; 10000000 ; Unsigned Binary                      ;
; LED12_BRIGHTNESS ; 10000000 ; Unsigned Binary                      ;
; LED13_BRIGHTNESS ; 10000000 ; Unsigned Binary                      ;
; LED14_BRIGHTNESS ; 10000000 ; Unsigned Binary                      ;
; LED15_BRIGHTNESS ; 10000000 ; Unsigned Binary                      ;
+------------------+----------+--------------------------------------+
Note: In order to hide this table in the UI and the text report file, please set the "Show Parameter Settings in Synthesis Report" option in "Analysis and Synthesis Settings -> More Settings" to "Off".


+-------------------------------------------+
; Port Connectivity Checks: "SFTCLK:i2cclk" ;
+------+-------+----------+-----------------+
; Port ; Type  ; Severity ; Details         ;
+------+-------+----------+-----------------+
; sel  ; Input ; Info     ; Stuck at GND    ;
+------+-------+----------+-----------------+


+-----------------------------------------------------+
; Post-Synthesis Netlist Statistics for Top Partition ;
+-----------------------+-----------------------------+
; Type                  ; Count                       ;
+-----------------------+-----------------------------+
; boundary_port         ; 8                           ;
; cycloneiii_ff         ; 89                          ;
;     CLR               ; 30                          ;
;     ENA               ; 12                          ;
;     ENA CLR           ; 45                          ;
;     ENA CLR SLD       ; 2                           ;
; cycloneiii_io_obuf    ; 2                           ;
; cycloneiii_lcell_comb ; 180                         ;
;     arith             ; 5                           ;
;         2 data inputs ; 5                           ;
;     normal            ; 175                         ;
;         1 data inputs ; 13                          ;
;         2 data inputs ; 12                          ;
;         3 data inputs ; 27                          ;
;         4 data inputs ; 123                         ;
;                       ;                             ;
; Max LUT depth         ; 6.00                        ;
; Average LUT depth     ; 3.52                        ;
+-----------------------+-----------------------------+


+-------------------------------+
; Elapsed Time Per Partition    ;
+----------------+--------------+
; Partition Name ; Elapsed Time ;
+----------------+--------------+
; Top            ; 00:00:02     ;
+----------------+--------------+


+-------------------------------+
; Analysis & Synthesis Messages ;
+-------------------------------+
Info: *******************************************************************
Info: Running Quartus Prime Analysis & Synthesis
    Info: Version 18.1.0 Build 625 09/12/2018 SJ Lite Edition
    Info: Processing started: Sun Nov 08 17:22:52 2020
Info: Command: quartus_map --read_settings_files=on --write_settings_files=off TLC59116-Driver -c TLC59116-Driver
Warning (18236): Number of processors has not been specified which may cause overloading on shared machines.  Set the global assignment NUM_PARALLEL_PROCESSORS in your QSF to an appropriate value for best performance.
Info (20030): Parallel compilation is enabled and will use 4 of the 4 processors detected
Info (12021): Found 1 design units, including 0 entities, in source file /users/kuni/work/fpga-tlc59116-driver/hdl/i2c_tlc59116_pkg.vhd
    Info (12022): Found design unit 1: I2C_TLC59116_pkg File: C:/Users/kuni/work/FPGA-TLC59116-Driver/hdl/I2C_TLC59116_pkg.vhd Line: 5
Info (12021): Found 2 design units, including 1 entities, in source file /users/kuni/work/fpga-tlc59116-driver/hdl/sftclk.vhd
    Info (12022): Found design unit 1: SFTCLK-main File: C:/Users/kuni/work/FPGA-TLC59116-Driver/hdl/sftclk.vhd Line: 20
    Info (12023): Found entity 1: SFTCLK File: C:/Users/kuni/work/FPGA-TLC59116-Driver/hdl/sftclk.vhd Line: 5
Info (12021): Found 2 design units, including 1 entities, in source file /users/kuni/work/fpga-tlc59116-driver/hdl/sample.vhd
    Info (12022): Found design unit 1: I2C_SAMPLE-rtl File: C:/Users/kuni/work/FPGA-TLC59116-Driver/hdl/sample.vhd Line: 26
    Info (12023): Found entity 1: I2C_SAMPLE File: C:/Users/kuni/work/FPGA-TLC59116-Driver/hdl/sample.vhd Line: 8
Info (12021): Found 2 design units, including 1 entities, in source file /users/kuni/work/fpga-tlc59116-driver/hdl/i2crtc_rx8025.vhd
    Info (12022): Found design unit 1: I2Crtc-rtl File: C:/Users/kuni/work/FPGA-TLC59116-Driver/hdl/I2Crtc_rx8025.vhd Line: 83
    Info (12023): Found entity 1: I2Crtc File: C:/Users/kuni/work/FPGA-TLC59116-Driver/hdl/I2Crtc_rx8025.vhd Line: 32
Info (12021): Found 2 design units, including 1 entities, in source file /users/kuni/work/fpga-tlc59116-driver/hdl/i2cif.vhd
    Info (12022): Found design unit 1: I2CIF-MAIN File: C:/Users/kuni/work/FPGA-TLC59116-Driver/hdl/I2CIF.vhd Line: 37
    Info (12023): Found entity 1: I2CIF File: C:/Users/kuni/work/FPGA-TLC59116-Driver/hdl/I2CIF.vhd Line: 6
Info (12021): Found 2 design units, including 1 entities, in source file /users/kuni/work/fpga-tlc59116-driver/hdl/i2c_tlc59116.vhd
    Info (12022): Found design unit 1: I2C_TLC59116-rtl File: C:/Users/kuni/work/FPGA-TLC59116-Driver/hdl/I2C_TLC59116.vhd Line: 74
    Info (12023): Found entity 1: I2C_TLC59116 File: C:/Users/kuni/work/FPGA-TLC59116-Driver/hdl/I2C_TLC59116.vhd Line: 29
Info (12021): Found 1 design units, including 0 entities, in source file /users/kuni/work/fpga-tlc59116-driver/hdl/i2c_pkg.vhd
    Info (12022): Found design unit 1: I2C_pkg File: C:/Users/kuni/work/FPGA-TLC59116-Driver/hdl/I2C_pkg.vhd Line: 5
Info (12127): Elaborating entity "I2C_SAMPLE" for the top level hierarchy
Info (12128): Elaborating entity "I2CIF" for hierarchy "I2CIF:I2C" File: C:/Users/kuni/work/FPGA-TLC59116-Driver/hdl/sample.vhd Line: 127
Info (12128): Elaborating entity "SFTCLK" for hierarchy "SFTCLK:i2cclk" File: C:/Users/kuni/work/FPGA-TLC59116-Driver/hdl/sample.vhd Line: 172
Info (12128): Elaborating entity "I2C_TLC59116" for hierarchy "I2C_TLC59116:tlc59116" File: C:/Users/kuni/work/FPGA-TLC59116-Driver/hdl/sample.vhd Line: 185
Info (13000): Registers with preset signals will power-up high File: C:/Users/kuni/work/FPGA-TLC59116-Driver/hdl/sample.vhd Line: 35
Info (13003): DEV_CLRn pin will set, and not reset, register with preset signal due to NOT Gate Push-Back
Info (286030): Timing-Driven Synthesis is running
Critical Warning (18061): Ignored Power-Up Level option on the following registers
    Critical Warning (18010): Register I2CIF:I2C|INITCOUNT[3] will power up to High File: C:/Users/kuni/work/FPGA-TLC59116-Driver/hdl/I2CIF.vhd Line: 67
    Critical Warning (18010): Register I2CIF:I2C|INITCOUNT[1] will power up to High File: C:/Users/kuni/work/FPGA-TLC59116-Driver/hdl/I2CIF.vhd Line: 67
    Critical Warning (18010): Register SFTCLK:i2cclk|counter[5] will power up to High File: C:/Users/kuni/work/FPGA-TLC59116-Driver/hdl/sftclk.vhd Line: 27
    Critical Warning (18010): Register SFTCLK:i2cclk|counter[4] will power up to High File: C:/Users/kuni/work/FPGA-TLC59116-Driver/hdl/sftclk.vhd Line: 27
    Critical Warning (18010): Register SFTCLK:i2cclk|counter[3] will power up to High File: C:/Users/kuni/work/FPGA-TLC59116-Driver/hdl/sftclk.vhd Line: 27
    Critical Warning (18010): Register SFTCLK:i2cclk|counter[1] will power up to High File: C:/Users/kuni/work/FPGA-TLC59116-Driver/hdl/sftclk.vhd Line: 27
    Critical Warning (18010): Register SFTCLK:i2cclk|counter[0] will power up to High File: C:/Users/kuni/work/FPGA-TLC59116-Driver/hdl/sftclk.vhd Line: 27
Info (16010): Generating hard_block partition "hard_block:auto_generated_inst"
    Info (16011): Adding 0 node(s), including 0 DDIO, 0 PLL, 0 transceiver and 0 LCELL
Info (21057): Implemented 221 device resources after synthesis - the final resource count might be different
    Info (21058): Implemented 6 input pins
    Info (21059): Implemented 0 output pins
    Info (21060): Implemented 2 bidirectional pins
    Info (21061): Implemented 213 logic cells
Info: Quartus Prime Analysis & Synthesis was successful. 0 errors, 9 warnings
    Info: Peak virtual memory: 4793 megabytes
    Info: Processing ended: Sun Nov 08 17:23:20 2020
    Info: Elapsed time: 00:00:28
    Info: Total CPU time (on all processors): 00:00:50


